This is pdfTeX, Version 3.14159265-2.6-1.40.21 (MiKTeX 20.6.29) (preloaded format=pdflatex 2020.9.8)  16 SEP 2020 15:32
entering extended mode
**./p1.tex
(p1.tex
LaTeX2e <2020-02-02> patch level 5
L3 programming layer <2020-06-18>
(C:\Users\isest\AppData\Local\Programs\MiKTeX\tex/latex/base\article.cls
Document Class: article 2019/12/20 v1.4l Standard LaTeX document class
(C:\Users\isest\AppData\Local\Programs\MiKTeX\tex/latex/base\size10.clo
File: size10.clo 2019/12/20 v1.4l Standard LaTeX file (size option)
)
\c@part=\count167
\c@section=\count168
\c@subsection=\count169
\c@subsubsection=\count170
\c@paragraph=\count171
\c@subparagraph=\count172
\c@figure=\count173
\c@table=\count174
\abovecaptionskip=\skip47
\belowcaptionskip=\skip48
\bibindent=\dimen134
)
(C:\Users\isest\AppData\Local\Programs\MiKTeX\tex/latex/listings\listings.sty
(C:\Users\isest\AppData\Local\Programs\MiKTeX\tex/latex/graphics\keyval.sty
Package: keyval 2014/10/28 v1.15 key=value parser (DPC)
\KV@toks@=\toks15
)
\lst@mode=\count175
\lst@gtempboxa=\box45
\lst@token=\toks16
\lst@length=\count176
\lst@currlwidth=\dimen135
\lst@column=\count177
\lst@pos=\count178
\lst@lostspace=\dimen136
\lst@width=\dimen137
\lst@newlines=\count179
\lst@lineno=\count180
\lst@maxwidth=\dimen138

(C:\Users\isest\AppData\Local\Programs\MiKTeX\tex/latex/listings\lstmisc.sty
File: lstmisc.sty 2020/03/24 1.8d (Carsten Heinz)
\c@lstnumber=\count181
\lst@skipnumbers=\count182
\lst@framebox=\box46
)
(C:\Users\isest\AppData\Local\Programs\MiKTeX\tex/latex/listings\listings.cfg
File: listings.cfg 2020/03/24 1.8d listings configuration
))
Package: listings 2020/03/24 1.8d (Carsten Heinz)
(C:\Users\isest\AppData\Local\Programs\MiKTeX\tex/generic/babel\babel.sty
Package: babel 2020/06/10 3.45 The Babel package

(C:\Users\isest\AppData\Local\Programs\MiKTeX\tex/generic/babel\babel.def
File: babel.def 2020/06/10 3.45 Babel common definitions
\babel@savecnt=\count183
\U@D=\dimen139
\l@babelnohyphens=\language79

(C:\Users\isest\AppData\Local\Programs\MiKTeX\tex/generic/babel\txtbabel.def)
\bbl@readstream=\read2
)
\bbl@dirlevel=\count184

*************************************
* Local config file bblopts.cfg used
*
(C:\Users\isest\AppData\Local\Programs\MiKTeX\tex/latex/arabi\bblopts.cfg
File: bblopts.cfg 2005/09/08 v0.1 add Arabic and Farsi to "declared" options of
 babel
)
(C:\Users\isest\AppData\Local\Programs\MiKTeX\tex/latex/babel-spanish\spanish.l
df
Language: spanish.ldf 2016/03/03 v5.0p Spanish support from the babel system
\es@quottoks=\toks17
\es@quotdepth=\count185
Package babel Info: Making " an active character on input line 561.
Package babel Info: Making . an active character on input line 662.
Package babel Info: Making < an active character on input line 707.
Package babel Info: Making > an active character on input line 707.
))
(C:\Users\isest\AppData\Local\Programs\MiKTeX\tex/latex/l3backend\l3backend-pdf
mode.def
File: l3backend-pdfmode.def 2020-06-29 L3 backend support: PDF mode
\l__kernel_color_stack_int=\count186
\l__pdf_internal_box=\box47
) (p1.aux
LaTeX Info: Redefining \. on input line 8.
LaTeX Info: Redefining \% on input line 8.
)
\openout1 = `p1.aux'.

LaTeX Font Info:    Checking defaults for OML/cmm/m/it on input line 10.
LaTeX Font Info:    ... okay on input line 10.
LaTeX Font Info:    Checking defaults for OMS/cmsy/m/n on input line 10.
LaTeX Font Info:    ... okay on input line 10.
LaTeX Font Info:    Checking defaults for OT1/cmr/m/n on input line 10.
LaTeX Font Info:    ... okay on input line 10.
LaTeX Font Info:    Checking defaults for T1/cmr/m/n on input line 10.
LaTeX Font Info:    ... okay on input line 10.
LaTeX Font Info:    Checking defaults for TS1/cmr/m/n on input line 10.
LaTeX Font Info:    ... okay on input line 10.
LaTeX Font Info:    Checking defaults for OMX/cmex/m/n on input line 10.
LaTeX Font Info:    ... okay on input line 10.
LaTeX Font Info:    Checking defaults for U/cmr/m/n on input line 10.
LaTeX Font Info:    ... okay on input line 10.
\c@lstlisting=\count187
LaTeX Info: Redefining \. on input line 10.
LaTeX Info: Redefining \% on input line 10.
LaTeX Font Info:    External font `cmex10' loaded for size
(Font)              <12> on input line 12.
LaTeX Font Info:    External font `cmex10' loaded for size
(Font)              <8> on input line 12.
LaTeX Font Info:    External font `cmex10' loaded for size
(Font)              <6> on input line 12.

(C:\Users\isest\AppData\Local\Programs\MiKTeX\tex/latex/listings\lstlang1.sty
File: lstlang1.sty 2020/03/24 1.8d listings language file
)
[1

{C:/Users/isest/AppData/Local/MiKTeX/pdftex/config/pdftex.map}]
LaTeX Font Info:    Trying to load font information for OML+cmr on input line 3
9.

(C:\Users\isest\AppData\Local\Programs\MiKTeX\tex/latex/base\omlcmr.fd
File: omlcmr.fd 2019/12/16 v2.5j Standard LaTeX font definitions
)
LaTeX Font Info:    Font shape `OML/cmr/m/n' in size <10> not available
(Font)              Font shape `OML/cmm/m/it' tried instead on input line 39.

[2] (p1.aux
LaTeX Info: Redefining \. on input line 8.
LaTeX Info: Redefining \% on input line 8.
) ) 
Here is how much of TeX's memory you used:
 3323 strings out of 480790
 46187 string characters out of 2897302
 496392 words of memory out of 3000000
 19363 multiletter control sequences out of 15000+200000
 536967 words of font info for 39 fonts, out of 3000000 for 9000
 1141 hyphenation exceptions out of 8191
 29i,7n,42p,468b,1723s stack positions out of 5000i,500n,10000p,200000b,50000s
 <C:\Users\isest\AppData\Local\MiKTeX\fonts/pk/ljfour/jknappen/ec/dpi600\tcr
m1000.pk><C:/Users/isest/AppData/Local/Programs/MiKTeX/fonts/type1/public/amsfo
nts/cm/cmbx10.pfb><C:/Users/isest/AppData/Local/Programs/MiKTeX/fonts/type1/pub
lic/amsfonts/cm/cmbx12.pfb><C:/Users/isest/AppData/Local/Programs/MiKTeX/fonts/
type1/public/amsfonts/cm/cmmi10.pfb><C:/Users/isest/AppData/Local/Programs/MiKT
eX/fonts/type1/public/amsfonts/cm/cmr10.pfb><C:/Users/isest/AppData/Local/Progr
ams/MiKTeX/fonts/type1/public/amsfonts/cm/cmr12.pfb><C:/Users/isest/AppData/Loc
al/Programs/MiKTeX/fonts/type1/public/amsfonts/cm/cmr17.pfb><C:/Users/isest/App
Data/Local/Programs/MiKTeX/fonts/type1/public/amsfonts/cm/cmti10.pfb>
Output written on p1.pdf (2 pages, 95050 bytes).
PDF statistics:
 43 PDF objects out of 1000 (max. 8388607)
 0 named destinations out of 1000 (max. 500000)
 1 words of extra memory for PDF output out of 10000 (max. 10000000)

